#
# There is insufficient memory for the Java Runtime Environment to continue.
# Native memory allocation (malloc) failed to allocate 1103280 bytes for Chunk::new
# Possible reasons:
#   The system is out of physical RAM or swap space
#   The process is running with CompressedOops enabled, and the Java Heap may be blocking the growth of the native heap
# Possible solutions:
#   Reduce memory load on the system
#   Increase physical memory or swap space
#   Check if swap backing store is full
#   Decrease Java heap size (-Xmx/-Xms)
#   Decrease number of Java threads
#   Decrease Java thread stack sizes (-Xss)
#   Set larger code cache with -XX:ReservedCodeCacheSize=
#   JVM is running with Unscaled Compressed Oops mode in which the Java heap is
#     placed in the first 4GB address space. The Java Heap base address is the
#     maximum limit for the native heap growth. Please use -XX:HeapBaseMinAddress
#     to set the Java Heap base and to place the Java Heap above 4GB virtual address.
# This output file may be truncated or incomplete.
#
#  Out of Memory Error (./open/src/hotspot/share/memory/arena.cpp:195), pid=23852, tid=23916
#
# JRE version: Java(TM) SE Runtime Environment (15.0.1+9) (build 15.0.1+9-18)
# Java VM: Java HotSpot(TM) 64-Bit Server VM (15.0.1+9-18, mixed mode, sharing, tiered, compressed oops, g1 gc, windows-amd64)
# No core dump will be written. Minidumps are not enabled by default on client versions of Windows
#

---------------  S U M M A R Y ------------

Command Line: --add-opens=java.base/java.util=ALL-UNNAMED --add-opens=java.base/java.lang=ALL-UNNAMED --add-opens=java.base/java.lang.invoke=ALL-UNNAMED --add-opens=java.prefs/java.util.prefs=ALL-UNNAMED -Xmx2048m -Dfile.encoding=UTF-8 -Duser.country=US -Duser.language=en -Duser.variant org.gradle.launcher.daemon.bootstrap.GradleDaemon 6.7.1

Host: 11th Gen Intel(R) Core(TM) i5-1135G7 @ 2.40GHz, 8 cores, 7G,  Windows 10 , 64 bit Build 19041 (10.0.19041.928)
Time: Sun May 30 14:00:41 2021 SE Asia Standard Time elapsed time: 4.641636 seconds (0d 0h 0m 4s)

---------------  T H R E A D  ---------------

Current thread (0x00000202fa88e380):  JavaThread "C2 CompilerThread0" daemon [_thread_in_native, id=23916, stack(0x0000004377c00000,0x0000004377d00000)]


Current CompileTask:
C2:   4644 4601       4       org.objectweb.asm.Frame::execute (2318 bytes)

Stack: [0x0000004377c00000,0x0000004377d00000]
Native frames: (J=compiled Java code, j=interpreted, Vv=VM code, C=native code)
V  [jvm.dll+0x62ae9a]
V  [jvm.dll+0x781389]
V  [jvm.dll+0x782ae3]
V  [jvm.dll+0x783143]
V  [jvm.dll+0x216265]
V  [jvm.dll+0x97efa]
V  [jvm.dll+0x985dc]
V  [jvm.dll+0x32e525]
V  [jvm.dll+0x18e0ea]
V  [jvm.dll+0x1ea762]
V  [jvm.dll+0x1e98ae]
V  [jvm.dll+0x1784c7]
V  [jvm.dll+0x1f9165]
V  [jvm.dll+0x1f720c]
V  [jvm.dll+0x74485d]
V  [jvm.dll+0x73d65a]
V  [jvm.dll+0x629c56]
C  [ucrtbase.dll+0x21bb2]
C  [KERNEL32.DLL+0x17034]
C  [ntdll.dll+0x52651]


---------------  P R O C E S S  ---------------

Threads class SMR info:
_java_thread_list=0x00000202ff154df0, length=136, elements={
0x00000202dbce2d40, 0x00000202fa86f190, 0x00000202fa871c80, 0x00000202fa88b300,
0x00000202fa88ccd0, 0x00000202fa88d690, 0x00000202fa88e380, 0x00000202fa890e40,
0x00000202fa894760, 0x00000202fb2c4af0, 0x00000202fb32d500, 0x00000202fcc09f50,
0x00000202fca1b370, 0x00000202fd1b1f00, 0x00000202fbf251b0, 0x00000202fcddd930,
0x00000202fcd47510, 0x00000202fcdd9e30, 0x00000202fcd84ea0, 0x00000202fcd43450,
0x00000202fcdc07d0, 0x00000202fcdbfe30, 0x00000202fcdbeaf0, 0x00000202fcdc1640,
0x00000202fd639370, 0x00000202fd639840, 0x00000202fd635010, 0x00000202fd6354e0,
0x00000202fd6389d0, 0x00000202fd63b9f0, 0x00000202fd63c860, 0x00000202fd638030,
0x00000202fd638500, 0x00000202fd63b520, 0x00000202fd63a6b0, 0x00000202fd63c390,
0x00000202fd635e80, 0x00000202fd636cf0, 0x00000202fd63b050, 0x00000202fd637690,
0x00000202ff45dd10, 0x00000202ff460d30, 0x00000202ff461ba0, 0x00000202ff45b690,
0x00000202ff45e1e0, 0x00000202ff45bb60, 0x00000202ff45fec0, 0x00000202ff460390,
0x00000202ff45f050, 0x00000202ff462a10, 0x00000202ff460860, 0x00000202ff45e6b0,
0x00000202ff461200, 0x00000202ff45c9d0, 0x00000202ff45d370, 0x00000202ff462ee0,
0x00000202ff462070, 0x00000202ff45c500, 0x00000202ff4616d0, 0x00000202ff462540,
0x00000202ff45c030, 0x00000202ff45cea0, 0x00000202ff45eb80, 0x00000202ff45d840,
0x00000202ff45f9f0, 0x00000202ff45f520, 0x00000202ff160fc0, 0x00000202ff165cc0,
0x00000202ff15ee10, 0x00000202ff15e470, 0x00000202ff164e50, 0x00000202ff160620,
0x00000202ff1657f0, 0x00000202ff162ca0, 0x00000202ff15e940, 0x00000202ff161490,
0x00000202ff163640, 0x00000202ff160150, 0x00000202ff15f2e0, 0x00000202ff163fe0,
0x00000202ff164980, 0x00000202ff1644b0, 0x00000202ff15f7b0, 0x00000202ff163170,
0x00000202ff163b10, 0x00000202ff161960, 0x00000202ff165320, 0x00000202ff15fc80,
0x00000202ff160af0, 0x00000202ff161e30, 0x00000202ff162300, 0x00000202ff1627d0,
0x00000202ff352a10, 0x00000202ff3546f0, 0x00000202ff358a50, 0x00000202ff358580,
0x00000202ff357be0, 0x00000202ff352ee0, 0x00000202ff354220, 0x00000202ff3533b0,
0x00000202ff357710, 0x00000202ff3593f0, 0x00000202ff352070, 0x00000202ff356d70,
0x00000202ff354bc0, 0x00000202ff353d50, 0x00000202ff355090, 0x00000202ff352540,
0x00000202ff353880, 0x00000202ff355560, 0x00000202ff357240, 0x00000202ff355a30,
0x00000202ff355f00, 0x00000202ff3563d0, 0x00000202ff3568a0, 0x00000202ff3580b0,
0x00000202ff358f20, 0x00000202ff3598c0, 0x00000202ff471e90, 0x00000202ff474040,
0x00000202ff4749e0, 0x00000202ff46ee70, 0x00000202ff46d660, 0x00000202ff472d00,
0x00000202ff4736a0, 0x00000202ff4701b0, 0x00000202ff46db30, 0x00000202ff46f340,
0x00000202ff46fce0, 0x00000202ff46e9a0, 0x00000202ff474510, 0x00000202ff46d190,
0x00000202ff473b70, 0x00000202ff470680, 0x00000202ff470b50, 0x00000202ff471020
}

Java Threads: ( => current thread )
  0x00000202dbce2d40 JavaThread "main" [_thread_blocked, id=300, stack(0x0000004377000000,0x0000004377100000)]
  0x00000202fa86f190 JavaThread "Reference Handler" daemon [_thread_blocked, id=21584, stack(0x0000004377700000,0x0000004377800000)]
  0x00000202fa871c80 JavaThread "Finalizer" daemon [_thread_blocked, id=23908, stack(0x0000004377800000,0x0000004377900000)]
  0x00000202fa88b300 JavaThread "Signal Dispatcher" daemon [_thread_blocked, id=23948, stack(0x0000004377900000,0x0000004377a00000)]
  0x00000202fa88ccd0 JavaThread "Attach Listener" daemon [_thread_blocked, id=19152, stack(0x0000004377a00000,0x0000004377b00000)]
  0x00000202fa88d690 JavaThread "Service Thread" daemon [_thread_blocked, id=19320, stack(0x0000004377b00000,0x0000004377c00000)]
=>0x00000202fa88e380 JavaThread "C2 CompilerThread0" daemon [_thread_in_native, id=23916, stack(0x0000004377c00000,0x0000004377d00000)]
  0x00000202fa890e40 JavaThread "C1 CompilerThread0" daemon [_thread_blocked, id=22380, stack(0x0000004377d00000,0x0000004377e00000)]
  0x00000202fa894760 JavaThread "Sweeper thread" daemon [_thread_blocked, id=23896, stack(0x0000004377e00000,0x0000004377f00000)]
  0x00000202fb2c4af0 JavaThread "Common-Cleaner" daemon [_thread_blocked, id=8980, stack(0x0000004377f00000,0x0000004378000000)]
  0x00000202fb32d500 JavaThread "Notification Thread" daemon [_thread_blocked, id=18704, stack(0x0000004378000000,0x0000004378100000)]
  0x00000202fcc09f50 JavaThread "Daemon health stats" [_thread_blocked, id=21888, stack(0x0000004378300000,0x0000004378400000)]
  0x00000202fca1b370 JavaThread "Incoming local TCP Connector on port 11403" [_thread_in_native, id=23968, stack(0x0000004378600000,0x0000004378700000)]
  0x00000202fd1b1f00 JavaThread "Daemon periodic checks" [_thread_blocked, id=23920, stack(0x0000004378700000,0x0000004378800000)]
  0x00000202fbf251b0 JavaThread "Daemon" [_thread_blocked, id=23944, stack(0x0000004378800000,0x0000004378900000)]
  0x00000202fcddd930 JavaThread "Handler for socket connection from /127.0.0.1:11403 to /127.0.0.1:11404" [_thread_in_native, id=21120, stack(0x0000004378900000,0x0000004378a00000)]
  0x00000202fcd47510 JavaThread "Cancel handler" [_thread_blocked, id=17092, stack(0x0000004378a00000,0x0000004378b00000)]
  0x00000202fcdd9e30 JavaThread "Daemon worker" [_thread_in_Java, id=23904, stack(0x0000004378b00000,0x0000004378c00000)]
  0x00000202fcd84ea0 JavaThread "Asynchronous log dispatcher for DefaultDaemonConnection: socket connection from /127.0.0.1:11403 to /127.0.0.1:11404" [_thread_blocked, id=11292, stack(0x0000004378c00000,0x0000004378d00000)]
  0x00000202fcd43450 JavaThread "Stdin handler" [_thread_blocked, id=17692, stack(0x0000004378d00000,0x0000004378e00000)]
  0x00000202fcdc07d0 JavaThread "Thread-8" [_thread_blocked, id=24476, stack(0x0000004378e00000,0x0000004378f00000)]
  0x00000202fcdbfe30 JavaThread "Cache worker for file hash cache (C:\Users\84327\.gradle\caches\6.7.1\fileHashes)" [_thread_blocked, id=23344, stack(0x0000004378f00000,0x0000004379000000)]
  0x00000202fcdbeaf0 JavaThread "File lock request listener" [_thread_in_native, id=21036, stack(0x0000004379000000,0x0000004379100000)]
  0x00000202fcdc1640 JavaThread "Cache worker for journal cache (C:\Users\84327\.gradle\caches\journal-1)" [_thread_blocked, id=24216, stack(0x0000004379100000,0x0000004379200000)]
  0x00000202fd639370 JavaThread "Cache worker for file hash cache (C:\Users\84327\AndroidStudioProjects\MyApp3\.gradle\6.7.1\fileHashes)" [_thread_blocked, id=23956, stack(0x0000004379200000,0x0000004379300000)]
  0x00000202fd639840 JavaThread "Cache worker for checksums cache (C:\Users\84327\AndroidStudioProjects\MyApp3\.gradle\checksums)" [_thread_blocked, id=21896, stack(0x0000004379900000,0x0000004379a00000)]
  0x00000202fd635010 JavaThread "Cache worker for cache directory md-supplier (C:\Users\84327\.gradle\caches\6.7.1\md-supplier)" [_thread_blocked, id=22244, stack(0x0000004379a00000,0x0000004379b00000)]
  0x00000202fd6354e0 JavaThread "Cache worker for cache directory md-rule (C:\Users\84327\.gradle\caches\6.7.1\md-rule)" [_thread_blocked, id=24212, stack(0x0000004379b00000,0x0000004379c00000)]
  0x00000202fd6389d0 JavaThread "Cache worker for execution history cache (C:\Users\84327\.gradle\caches\6.7.1\executionHistory)" [_thread_blocked, id=23112, stack(0x0000004379c00000,0x0000004379d00000)]
  0x00000202fd63b9f0 JavaThread "jar transforms" [_thread_blocked, id=23444, stack(0x0000004379e00000,0x0000004379f00000)]
  0x00000202fd63c860 JavaThread "Cache worker for file content cache (C:\Users\84327\.gradle\caches\6.7.1\fileContent)" [_thread_blocked, id=18928, stack(0x0000004379f00000,0x000000437a000000)]
  0x00000202fd638030 JavaThread "Cache worker for Build Output Cleanup Cache (C:\Users\84327\AndroidStudioProjects\MyApp3\.gradle\buildOutputCleanup)" [_thread_blocked, id=23108, stack(0x000000437a000000,0x000000437a100000)]
  0x00000202fd638500 JavaThread "Build operations" [_thread_blocked, id=10704, stack(0x000000437a100000,0x000000437a200000)]
  0x00000202fd63b520 JavaThread "Build operations Thread 2" [_thread_blocked, id=4120, stack(0x000000437a200000,0x000000437a300000)]
  0x00000202fd63a6b0 JavaThread "Build operations Thread 3" [_thread_blocked, id=21168, stack(0x000000437a300000,0x000000437a400000)]
  0x00000202fd63c390 JavaThread "Build operations Thread 4" [_thread_blocked, id=19516, stack(0x000000437a400000,0x000000437a500000)]
  0x00000202fd635e80 JavaThread "Build operations Thread 5" [_thread_blocked, id=9748, stack(0x000000437a500000,0x000000437a600000)]
  0x00000202fd636cf0 JavaThread "Build operations Thread 6" [_thread_blocked, id=8644, stack(0x000000437a600000,0x000000437a700000)]
  0x00000202fd63b050 JavaThread "Build operations Thread 7" [_thread_blocked, id=8548, stack(0x000000437a700000,0x000000437a800000)]
  0x00000202fd637690 JavaThread "Build operations Thread 8" [_thread_blocked, id=9752, stack(0x000000437a800000,0x000000437a900000)]
  0x00000202ff45dd10 JavaThread "jar transforms Thread 2" [_thread_blocked, id=9140, stack(0x000000437a900000,0x000000437aa00000)]
  0x00000202ff460d30 JavaThread "jar transforms Thread 3" [_thread_blocked, id=9684, stack(0x000000437aa00000,0x000000437ab00000)]
  0x00000202ff461ba0 JavaThread "jar transforms Thread 4" [_thread_blocked, id=9488, stack(0x000000437ab00000,0x000000437ac00000)]
  0x00000202ff45b690 JavaThread "jar transforms Thread 5" [_thread_blocked, id=9148, stack(0x000000437ac00000,0x000000437ad00000)]
  0x00000202ff45e1e0 JavaThread "jar transforms Thread 6" [_thread_blocked, id=8540, stack(0x000000437ad00000,0x000000437ae00000)]
  0x00000202ff45bb60 JavaThread "jar transforms Thread 7" [_thread_blocked, id=11344, stack(0x000000437ae00000,0x000000437af00000)]
  0x00000202ff45fec0 JavaThread "jar transforms Thread 8" [_thread_blocked, id=6492, stack(0x000000437af00000,0x000000437b000000)]
  0x00000202ff460390 JavaThread "jar transforms Thread 9" [_thread_blocked, id=9460, stack(0x000000437b000000,0x000000437b100000)]
  0x00000202ff45f050 JavaThread "jar transforms Thread 10" [_thread_blocked, id=20428, stack(0x000000437b100000,0x000000437b200000)]
  0x00000202ff462a10 JavaThread "jar transforms Thread 11" [_thread_blocked, id=20904, stack(0x000000437b200000,0x000000437b300000)]
  0x00000202ff460860 JavaThread "jar transforms Thread 12" [_thread_blocked, id=19048, stack(0x000000437b300000,0x000000437b400000)]
  0x00000202ff45e6b0 JavaThread "jar transforms Thread 13" [_thread_blocked, id=7800, stack(0x000000437b400000,0x000000437b500000)]
  0x00000202ff461200 JavaThread "jar transforms Thread 14" [_thread_blocked, id=8964, stack(0x000000437b500000,0x000000437b600000)]
  0x00000202ff45c9d0 JavaThread "jar transforms Thread 15" [_thread_blocked, id=21464, stack(0x000000437b600000,0x000000437b700000)]
  0x00000202ff45d370 JavaThread "jar transforms Thread 16" [_thread_blocked, id=12844, stack(0x000000437b700000,0x000000437b800000)]
  0x00000202ff462ee0 JavaThread "jar transforms Thread 17" [_thread_blocked, id=23412, stack(0x000000437b800000,0x000000437b900000)]
  0x00000202ff462070 JavaThread "jar transforms Thread 18" [_thread_blocked, id=2668, stack(0x000000437b900000,0x000000437ba00000)]
  0x00000202ff45c500 JavaThread "jar transforms Thread 19" [_thread_blocked, id=7444, stack(0x000000437ba00000,0x000000437bb00000)]
  0x00000202ff4616d0 JavaThread "jar transforms Thread 20" [_thread_blocked, id=21868, stack(0x000000437bb00000,0x000000437bc00000)]
  0x00000202ff462540 JavaThread "jar transforms Thread 21" [_thread_blocked, id=18188, stack(0x000000437bc00000,0x000000437bd00000)]
  0x00000202ff45c030 JavaThread "jar transforms Thread 22" [_thread_blocked, id=22424, stack(0x000000437bd00000,0x000000437be00000)]
  0x00000202ff45cea0 JavaThread "jar transforms Thread 23" [_thread_blocked, id=6120, stack(0x000000437be00000,0x000000437bf00000)]
  0x00000202ff45eb80 JavaThread "jar transforms Thread 24" [_thread_blocked, id=9228, stack(0x000000437bf00000,0x000000437c000000)]
  0x00000202ff45d840 JavaThread "jar transforms Thread 25" [_thread_blocked, id=21152, stack(0x000000437c000000,0x000000437c100000)]
  0x00000202ff45f9f0 JavaThread "jar transforms Thread 26" [_thread_blocked, id=24348, stack(0x000000437c100000,0x000000437c200000)]
  0x00000202ff45f520 JavaThread "jar transforms Thread 27" [_thread_blocked, id=692, stack(0x000000437c200000,0x000000437c300000)]
  0x00000202ff160fc0 JavaThread "jar transforms Thread 28" [_thread_blocked, id=17120, stack(0x000000437c300000,0x000000437c400000)]
  0x00000202ff165cc0 JavaThread "jar transforms Thread 29" [_thread_blocked, id=19324, stack(0x000000437c400000,0x000000437c500000)]
  0x00000202ff15ee10 JavaThread "jar transforms Thread 30" [_thread_blocked, id=23964, stack(0x000000437c500000,0x000000437c600000)]
  0x00000202ff15e470 JavaThread "jar transforms Thread 31" [_thread_blocked, id=22292, stack(0x000000437c600000,0x000000437c700000)]
  0x00000202ff164e50 JavaThread "jar transforms Thread 32" [_thread_blocked, id=22004, stack(0x000000437c700000,0x000000437c800000)]
  0x00000202ff160620 JavaThread "jar transforms Thread 33" [_thread_blocked, id=10660, stack(0x000000437c800000,0x000000437c900000)]
  0x00000202ff1657f0 JavaThread "jar transforms Thread 34" [_thread_blocked, id=22392, stack(0x000000437c900000,0x000000437ca00000)]
  0x00000202ff162ca0 JavaThread "jar transforms Thread 35" [_thread_blocked, id=21624, stack(0x000000437ca00000,0x000000437cb00000)]
  0x00000202ff15e940 JavaThread "jar transforms Thread 36" [_thread_blocked, id=20704, stack(0x000000437cb00000,0x000000437cc00000)]
  0x00000202ff161490 JavaThread "jar transforms Thread 37" [_thread_blocked, id=21068, stack(0x000000437cc00000,0x000000437cd00000)]
  0x00000202ff163640 JavaThread "jar transforms Thread 38" [_thread_blocked, id=20312, stack(0x000000437cd00000,0x000000437ce00000)]
  0x00000202ff160150 JavaThread "jar transforms Thread 39" [_thread_blocked, id=12684, stack(0x000000437ce00000,0x000000437cf00000)]
  0x00000202ff15f2e0 JavaThread "jar transforms Thread 40" [_thread_blocked, id=24168, stack(0x000000437cf00000,0x000000437d000000)]
  0x00000202ff163fe0 JavaThread "jar transforms Thread 41" [_thread_blocked, id=23388, stack(0x000000437d000000,0x000000437d100000)]
  0x00000202ff164980 JavaThread "jar transforms Thread 42" [_thread_blocked, id=24164, stack(0x000000437d100000,0x000000437d200000)]
  0x00000202ff1644b0 JavaThread "jar transforms Thread 43" [_thread_blocked, id=23912, stack(0x000000437d200000,0x000000437d300000)]
  0x00000202ff15f7b0 JavaThread "jar transforms Thread 44" [_thread_blocked, id=9144, stack(0x000000437d300000,0x000000437d400000)]
  0x00000202ff163170 JavaThread "jar transforms Thread 45" [_thread_blocked, id=22728, stack(0x000000437d400000,0x000000437d500000)]
  0x00000202ff163b10 JavaThread "jar transforms Thread 46" [_thread_blocked, id=9180, stack(0x000000437d500000,0x000000437d600000)]
  0x00000202ff161960 JavaThread "jar transforms Thread 47" [_thread_blocked, id=20016, stack(0x000000437d600000,0x000000437d700000)]
  0x00000202ff165320 JavaThread "jar transforms Thread 48" [_thread_blocked, id=9120, stack(0x000000437d700000,0x000000437d800000)]
  0x00000202ff15fc80 JavaThread "jar transforms Thread 49" [_thread_blocked, id=24564, stack(0x000000437d800000,0x000000437d900000)]
  0x00000202ff160af0 JavaThread "jar transforms Thread 50" [_thread_blocked, id=8572, stack(0x000000437d900000,0x000000437da00000)]
  0x00000202ff161e30 JavaThread "jar transforms Thread 51" [_thread_blocked, id=24568, stack(0x000000437da00000,0x000000437db00000)]
  0x00000202ff162300 JavaThread "jar transforms Thread 52" [_thread_blocked, id=20020, stack(0x000000437db00000,0x000000437dc00000)]
  0x00000202ff1627d0 JavaThread "jar transforms Thread 53" [_thread_blocked, id=9600, stack(0x000000437dc00000,0x000000437dd00000)]
  0x00000202ff352a10 JavaThread "jar transforms Thread 54" [_thread_blocked, id=12584, stack(0x000000437dd00000,0x000000437de00000)]
  0x00000202ff3546f0 JavaThread "jar transforms Thread 55" [_thread_blocked, id=23724, stack(0x000000437de00000,0x000000437df00000)]
  0x00000202ff358a50 JavaThread "jar transforms Thread 56" [_thread_blocked, id=23688, stack(0x000000437df00000,0x000000437e000000)]
  0x00000202ff358580 JavaThread "jar transforms Thread 57" [_thread_blocked, id=21096, stack(0x000000437e000000,0x000000437e100000)]
  0x00000202ff357be0 JavaThread "jar transforms Thread 58" [_thread_blocked, id=22332, stack(0x000000437e100000,0x000000437e200000)]
  0x00000202ff352ee0 JavaThread "jar transforms Thread 59" [_thread_blocked, id=2916, stack(0x000000437e200000,0x000000437e300000)]
  0x00000202ff354220 JavaThread "jar transforms Thread 60" [_thread_blocked, id=22676, stack(0x000000437e300000,0x000000437e400000)]
  0x00000202ff3533b0 JavaThread "jar transforms Thread 61" [_thread_blocked, id=2276, stack(0x000000437e400000,0x000000437e500000)]
  0x00000202ff357710 JavaThread "jar transforms Thread 62" [_thread_blocked, id=23440, stack(0x000000437e500000,0x000000437e600000)]
  0x00000202ff3593f0 JavaThread "jar transforms Thread 63" [_thread_blocked, id=1140, stack(0x000000437e600000,0x000000437e700000)]
  0x00000202ff352070 JavaThread "jar transforms Thread 64" [_thread_blocked, id=23788, stack(0x000000437e700000,0x000000437e800000)]
  0x00000202ff356d70 JavaThread "jar transforms Thread 65" [_thread_blocked, id=24488, stack(0x000000437e800000,0x000000437e900000)]
  0x00000202ff354bc0 JavaThread "jar transforms Thread 66" [_thread_blocked, id=22120, stack(0x000000437e900000,0x000000437ea00000)]
  0x00000202ff353d50 JavaThread "jar transforms Thread 67" [_thread_blocked, id=24404, stack(0x000000437ea00000,0x000000437eb00000)]
  0x00000202ff355090 JavaThread "jar transforms Thread 68" [_thread_blocked, id=24316, stack(0x000000437eb00000,0x000000437ec00000)]
  0x00000202ff352540 JavaThread "jar transforms Thread 69" [_thread_blocked, id=18932, stack(0x000000437ec00000,0x000000437ed00000)]
  0x00000202ff353880 JavaThread "jar transforms Thread 70" [_thread_blocked, id=10924, stack(0x000000437ed00000,0x000000437ee00000)]
  0x00000202ff355560 JavaThread "jar transforms Thread 71" [_thread_blocked, id=8996, stack(0x000000437ee00000,0x000000437ef00000)]
  0x00000202ff357240 JavaThread "jar transforms Thread 72" [_thread_blocked, id=24396, stack(0x000000437ef00000,0x000000437f000000)]
  0x00000202ff355a30 JavaThread "jar transforms Thread 73" [_thread_blocked, id=21864, stack(0x000000437f000000,0x000000437f100000)]
  0x00000202ff355f00 JavaThread "jar transforms Thread 74" [_thread_blocked, id=11244, stack(0x000000437f100000,0x000000437f200000)]
  0x00000202ff3563d0 JavaThread "jar transforms Thread 75" [_thread_blocked, id=12352, stack(0x000000437f200000,0x000000437f300000)]
  0x00000202ff3568a0 JavaThread "jar transforms Thread 76" [_thread_blocked, id=17696, stack(0x000000437f300000,0x000000437f400000)]
  0x00000202ff3580b0 JavaThread "jar transforms Thread 77" [_thread_blocked, id=23064, stack(0x000000437f400000,0x000000437f500000)]
  0x00000202ff358f20 JavaThread "jar transforms Thread 78" [_thread_blocked, id=17932, stack(0x000000437f500000,0x000000437f600000)]
  0x00000202ff3598c0 JavaThread "jar transforms Thread 79" [_thread_blocked, id=8600, stack(0x000000437f600000,0x000000437f700000)]
  0x00000202ff471e90 JavaThread "jar transforms Thread 80" [_thread_blocked, id=20680, stack(0x000000437f700000,0x000000437f800000)]
  0x00000202ff474040 JavaThread "jar transforms Thread 81" [_thread_blocked, id=20532, stack(0x000000437f800000,0x000000437f900000)]
  0x00000202ff4749e0 JavaThread "jar transforms Thread 82" [_thread_blocked, id=11800, stack(0x000000437f900000,0x000000437fa00000)]
  0x00000202ff46ee70 JavaThread "jar transforms Thread 83" [_thread_blocked, id=21496, stack(0x000000437fa00000,0x000000437fb00000)]
  0x00000202ff46d660 JavaThread "jar transforms Thread 84" [_thread_blocked, id=22600, stack(0x000000437fb00000,0x000000437fc00000)]
  0x00000202ff472d00 JavaThread "jar transforms Thread 85" [_thread_blocked, id=10648, stack(0x000000437fc00000,0x000000437fd00000)]
  0x00000202ff4736a0 JavaThread "jar transforms Thread 86" [_thread_blocked, id=23680, stack(0x000000437fd00000,0x000000437fe00000)]
  0x00000202ff4701b0 JavaThread "jar transforms Thread 87" [_thread_blocked, id=23636, stack(0x000000437fe00000,0x000000437ff00000)]
  0x00000202ff46db30 JavaThread "jar transforms Thread 88" [_thread_blocked, id=20492, stack(0x000000437ff00000,0x0000004380000000)]
  0x00000202ff46f340 JavaThread "jar transforms Thread 89" [_thread_blocked, id=20508, stack(0x0000004300000000,0x0000004300100000)]
  0x00000202ff46fce0 JavaThread "jar transforms Thread 90" [_thread_blocked, id=23272, stack(0x0000004300100000,0x0000004300200000)]
  0x00000202ff46e9a0 JavaThread "jar transforms Thread 91" [_thread_blocked, id=23268, stack(0x0000004300200000,0x0000004300300000)]
  0x00000202ff474510 JavaThread "jar transforms Thread 92" [_thread_blocked, id=9376, stack(0x0000004300300000,0x0000004300400000)]
  0x00000202ff46d190 JavaThread "jar transforms Thread 93" [_thread_blocked, id=24340, stack(0x0000004300400000,0x0000004300500000)]
  0x00000202ff473b70 JavaThread "jar transforms Thread 94" [_thread_blocked, id=21460, stack(0x0000004300500000,0x0000004300600000)]
  0x00000202ff470680 JavaThread "jar transforms Thread 95" [_thread_blocked, id=21712, stack(0x0000004300600000,0x0000004300700000)]
  0x00000202ff470b50 JavaThread "jar transforms Thread 96" [_thread_blocked, id=22160, stack(0x0000004300700000,0x0000004300800000)]
  0x00000202ff471020 JavaThread "jar transforms Thread 97" [_thread_blocked, id=22228, stack(0x0000004300800000,0x0000004300900000)]

Other Threads:
  0x00000202fa86b9f0 VMThread "VM Thread" [stack: 0x0000004377600000,0x0000004377700000] [id=24532]
  0x00000202fb3479e0 WatcherThread [stack: 0x0000004378100000,0x0000004378200000] [id=21284]
  0x00000202dbd21c30 GCTaskThread "GC Thread#0" [stack: 0x0000004377100000,0x0000004377200000] [id=23620]
  0x00000202fb5d51d0 GCTaskThread "GC Thread#1" [stack: 0x0000004378200000,0x0000004378300000] [id=3944]
  0x00000202fb5d4b70 GCTaskThread "GC Thread#2" [stack: 0x0000004379300000,0x0000004379400000] [id=24480]
  0x00000202fb5d31f0 GCTaskThread "GC Thread#3" [stack: 0x0000004379400000,0x0000004379500000] [id=19300]
  0x00000202fb5d3b80 GCTaskThread "GC Thread#4" [stack: 0x0000004379500000,0x0000004379600000] [id=23940]
  0x00000202fb5d5830 GCTaskThread "GC Thread#5" [stack: 0x0000004379600000,0x0000004379700000] [id=24324]
  0x00000202fb5d4ea0 GCTaskThread "GC Thread#6" [stack: 0x0000004379700000,0x0000004379800000] [id=21892]
  0x00000202fb5d3520 GCTaskThread "GC Thread#7" [stack: 0x0000004379800000,0x0000004379900000] [id=21900]
  0x00000202dbd33ca0 ConcurrentGCThread "G1 Main Marker" [stack: 0x0000004377200000,0x0000004377300000] [id=23632]
  0x00000202dbd347a0 ConcurrentGCThread "G1 Conc#0" [stack: 0x0000004377300000,0x0000004377400000] [id=15428]
  0x00000202fb5d3850 ConcurrentGCThread "G1 Conc#1" [stack: 0x0000004379d00000,0x0000004379e00000] [id=1952]
  0x00000202fa6f0090 ConcurrentGCThread "G1 Refine#0" [stack: 0x0000004377400000,0x0000004377500000] [id=20692]
  0x00000202fa6f0ba0 ConcurrentGCThread "G1 Young RemSet Sampling" [stack: 0x0000004377500000,0x0000004377600000] [id=14440]

Threads with active compile tasks:
C2 CompilerThread0     4669 4601       4       org.objectweb.asm.Frame::execute (2318 bytes)
C1 CompilerThread0     4669 4665       3       org.apache.xerces.impl.XMLDocumentFragmentScannerImpl::scanAttribute (237 bytes)

VM state: not at safepoint (normal execution)

VM Mutex/Monitor currently owned by a thread: None

Heap address: 0x0000000080000000, size: 2048 MB, Compressed Oops mode: 32-bit
CDS archive(s) mapped at: [0x0000000800000000-0x0000000800b50000-0x0000000800b50000), size 11862016, SharedBaseAddress: 0x0000000800000000, ArchiveRelocationMode: 0.
Compressed class space mapped at: 0x0000000800b50000-0x0000000840b50000, size: 1073741824
Narrow klass base: 0x0000000800000000, Narrow klass shift: 3, Narrow klass range: 0x100000000

GC Precious Log:
 CPUs: 8 total, 8 available
 Memory: 7873M
 Large Page Support: Disabled
 NUMA Support: Disabled
 Compressed Oops: Enabled (32-bit)
 Heap Region Size: 1M
 Heap Min Capacity: 8M
 Heap Initial Capacity: 124M
 Heap Max Capacity: 2G
 Pre-touch: Disabled
 Parallel Workers: 8
 Concurrent Workers: 2
 Concurrent Refinement Workers: 8
 Periodic GC: Disabled

Heap:
 garbage-first heap   total 91136K, used 39745K [0x0000000080000000, 0x0000000100000000)
  region size 1024K, 4 young (4096K), 2 survivors (2048K)
 Metaspace       used 42435K, capacity 43290K, committed 43440K, reserved 1087488K
  class space    used 5569K, capacity 5823K, committed 5888K, reserved 1048576K

Heap Regions: E=young(eden), S=young(survivor), O=old, HS=humongous(starts), HC=humongous(continues), CS=collection set, F=free, OA=open archive, CA=closed archive, TAMS=top-at-mark-start (previous, next)
|   0|0x0000000080000000, 0x0000000080100000, 0x0000000080100000|100%| O|  |TAMS 0x0000000080100000, 0x0000000080000000| Untracked 
|   1|0x0000000080100000, 0x0000000080200000, 0x0000000080200000|100%| O|  |TAMS 0x0000000080200000, 0x0000000080100000| Untracked 
|   2|0x0000000080200000, 0x0000000080300000, 0x0000000080300000|100%| O|  |TAMS 0x0000000080300000, 0x0000000080200000| Untracked 
|   3|0x0000000080300000, 0x0000000080400000, 0x0000000080400000|100%|HS|  |TAMS 0x0000000080400000, 0x0000000080300000| Complete 
|   4|0x0000000080400000, 0x0000000080500000, 0x0000000080500000|100%|HC|  |TAMS 0x0000000080500000, 0x0000000080400000| Complete 
|   5|0x0000000080500000, 0x0000000080600000, 0x0000000080600000|100%|HC|  |TAMS 0x0000000080600000, 0x0000000080500000| Complete 
|   6|0x0000000080600000, 0x0000000080700000, 0x0000000080700000|100%| O|  |TAMS 0x0000000080700000, 0x0000000080600000| Untracked 
|   7|0x0000000080700000, 0x0000000080800000, 0x0000000080800000|100%| O|  |TAMS 0x0000000080800000, 0x0000000080700000| Untracked 
|   8|0x0000000080800000, 0x0000000080900000, 0x0000000080900000|100%| O|  |TAMS 0x0000000080900000, 0x0000000080800000| Untracked 
|   9|0x0000000080900000, 0x0000000080a00000, 0x0000000080a00000|100%| O|  |TAMS 0x0000000080a00000, 0x0000000080900000| Untracked 
|  10|0x0000000080a00000, 0x0000000080b00000, 0x0000000080b00000|100%| O|  |TAMS 0x0000000080b00000, 0x0000000080a00000| Untracked 
|  11|0x0000000080b00000, 0x0000000080c00000, 0x0000000080c00000|100%| O|  |TAMS 0x0000000080c00000, 0x0000000080b00000| Untracked 
|  12|0x0000000080c00000, 0x0000000080d00000, 0x0000000080d00000|100%| O|  |TAMS 0x0000000080d00000, 0x0000000080c00000| Untracked 
|  13|0x0000000080d00000, 0x0000000080e00000, 0x0000000080e00000|100%| O|  |TAMS 0x0000000080e00000, 0x0000000080d00000| Untracked 
|  14|0x0000000080e00000, 0x0000000080f00000, 0x0000000080f00000|100%| O|  |TAMS 0x0000000080f00000, 0x0000000080e00000| Untracked 
|  15|0x0000000080f00000, 0x0000000081000000, 0x0000000081000000|100%| O|  |TAMS 0x0000000081000000, 0x0000000080f00000| Untracked 
|  16|0x0000000081000000, 0x0000000081100000, 0x0000000081100000|100%| O|  |TAMS 0x0000000081100000, 0x0000000081000000| Untracked 
|  17|0x0000000081100000, 0x0000000081200000, 0x0000000081200000|100%| O|  |TAMS 0x0000000081200000, 0x0000000081100000| Untracked 
|  18|0x0000000081200000, 0x000000008123b200, 0x0000000081300000| 23%| O|  |TAMS 0x000000008123b200, 0x0000000081200000| Untracked 
|  19|0x0000000081300000, 0x0000000081400000, 0x0000000081400000|100%|HS|  |TAMS 0x0000000081300000, 0x0000000081300000| Complete 
|  20|0x0000000081400000, 0x0000000081500000, 0x0000000081500000|100%| O|  |TAMS 0x0000000081400000, 0x0000000081400000| Untracked 
|  21|0x0000000081500000, 0x0000000081600000, 0x0000000081600000|100%| O|  |TAMS 0x0000000081500000, 0x0000000081500000| Untracked 
|  22|0x0000000081600000, 0x0000000081700000, 0x0000000081700000|100%| O|  |TAMS 0x0000000081600000, 0x0000000081600000| Untracked 
|  23|0x0000000081700000, 0x0000000081800000, 0x0000000081800000|100%| O|  |TAMS 0x0000000081700000, 0x0000000081700000| Untracked 
|  24|0x0000000081800000, 0x0000000081900000, 0x0000000081900000|100%| O|  |TAMS 0x0000000081800000, 0x0000000081800000| Untracked 
|  25|0x0000000081900000, 0x0000000081a00000, 0x0000000081a00000|100%|HS|  |TAMS 0x0000000081900000, 0x0000000081900000| Complete 
|  26|0x0000000081a00000, 0x0000000081b00000, 0x0000000081b00000|100%|HC|  |TAMS 0x0000000081a00000, 0x0000000081a00000| Complete 
|  27|0x0000000081b00000, 0x0000000081c00000, 0x0000000081c00000|100%| O|  |TAMS 0x0000000081b00000, 0x0000000081b00000| Untracked 
|  28|0x0000000081c00000, 0x0000000081d00000, 0x0000000081d00000|100%| O|  |TAMS 0x0000000081c00000, 0x0000000081c00000| Untracked 
|  29|0x0000000081d00000, 0x0000000081e00000, 0x0000000081e00000|100%| O|  |TAMS 0x0000000081d00000, 0x0000000081d00000| Untracked 
|  30|0x0000000081e00000, 0x0000000081f00000, 0x0000000081f00000|100%| O|  |TAMS 0x0000000081e00000, 0x0000000081e00000| Untracked 
|  31|0x0000000081f00000, 0x0000000082000000, 0x0000000082000000|100%| O|  |TAMS 0x0000000081f00000, 0x0000000081f00000| Untracked 
|  32|0x0000000082000000, 0x0000000082100000, 0x0000000082100000|100%| O|  |TAMS 0x0000000082000000, 0x0000000082000000| Untracked 
|  33|0x0000000082100000, 0x0000000082200000, 0x0000000082200000|100%| O|  |TAMS 0x0000000082100000, 0x0000000082100000| Untracked 
|  34|0x0000000082200000, 0x0000000082300000, 0x0000000082300000|100%| O|  |TAMS 0x0000000082200000, 0x0000000082200000| Untracked 
|  35|0x0000000082300000, 0x0000000082400000, 0x0000000082400000|100%| O|  |TAMS 0x0000000082300000, 0x0000000082300000| Untracked 
|  36|0x0000000082400000, 0x0000000082500000, 0x0000000082500000|100%| O|  |TAMS 0x0000000082400000, 0x0000000082400000| Untracked 
|  37|0x0000000082500000, 0x0000000082545a00, 0x0000000082600000| 27%| O|  |TAMS 0x0000000082500000, 0x0000000082500000| Untracked 
|  38|0x0000000082600000, 0x0000000082600000, 0x0000000082700000|  0%| F|  |TAMS 0x0000000082600000, 0x0000000082600000| Untracked 
|  39|0x0000000082700000, 0x0000000082700000, 0x0000000082800000|  0%| F|  |TAMS 0x0000000082700000, 0x0000000082700000| Untracked 
|  40|0x0000000082800000, 0x0000000082800000, 0x0000000082900000|  0%| F|  |TAMS 0x0000000082800000, 0x0000000082800000| Untracked 
|  41|0x0000000082900000, 0x0000000082900000, 0x0000000082a00000|  0%| F|  |TAMS 0x0000000082900000, 0x0000000082900000| Untracked 
|  42|0x0000000082a00000, 0x0000000082a00000, 0x0000000082b00000|  0%| F|  |TAMS 0x0000000082a00000, 0x0000000082a00000| Untracked 
|  43|0x0000000082b00000, 0x0000000082b00000, 0x0000000082c00000|  0%| F|  |TAMS 0x0000000082b00000, 0x0000000082b00000| Untracked 
|  44|0x0000000082c00000, 0x0000000082c00000, 0x0000000082d00000|  0%| F|  |TAMS 0x0000000082c00000, 0x0000000082c00000| Untracked 
|  45|0x0000000082d00000, 0x0000000082d00000, 0x0000000082e00000|  0%| F|  |TAMS 0x0000000082d00000, 0x0000000082d00000| Untracked 
|  46|0x0000000082e00000, 0x0000000082e00000, 0x0000000082f00000|  0%| F|  |TAMS 0x0000000082e00000, 0x0000000082e00000| Untracked 
|  47|0x0000000082f00000, 0x0000000082f00000, 0x0000000083000000|  0%| F|  |TAMS 0x0000000082f00000, 0x0000000082f00000| Untracked 
|  48|0x0000000083000000, 0x0000000083000000, 0x0000000083100000|  0%| F|  |TAMS 0x0000000083000000, 0x0000000083000000| Untracked 
|  49|0x0000000083100000, 0x0000000083100000, 0x0000000083200000|  0%| F|  |TAMS 0x0000000083100000, 0x0000000083100000| Untracked 
|  50|0x0000000083200000, 0x0000000083200000, 0x0000000083300000|  0%| F|  |TAMS 0x0000000083200000, 0x0000000083200000| Untracked 
|  51|0x0000000083300000, 0x0000000083300000, 0x0000000083400000|  0%| F|  |TAMS 0x0000000083300000, 0x0000000083300000| Untracked 
|  52|0x0000000083400000, 0x0000000083400000, 0x0000000083500000|  0%| F|  |TAMS 0x0000000083400000, 0x0000000083400000| Untracked 
|  53|0x0000000083500000, 0x0000000083500000, 0x0000000083600000|  0%| F|  |TAMS 0x0000000083500000, 0x0000000083500000| Untracked 
|  54|0x0000000083600000, 0x0000000083600000, 0x0000000083700000|  0%| F|  |TAMS 0x0000000083600000, 0x0000000083600000| Untracked 
|  55|0x0000000083700000, 0x0000000083700000, 0x0000000083800000|  0%| F|  |TAMS 0x0000000083700000, 0x0000000083700000| Untracked 
|  56|0x0000000083800000, 0x0000000083800000, 0x0000000083900000|  0%| F|  |TAMS 0x0000000083800000, 0x0000000083800000| Untracked 
|  57|0x0000000083900000, 0x000000008394fb50, 0x0000000083a00000| 31%| S|CS|TAMS 0x0000000083900000, 0x0000000083900000| Complete 
|  58|0x0000000083a00000, 0x0000000083b00000, 0x0000000083b00000|100%| S|CS|TAMS 0x0000000083a00000, 0x0000000083a00000| Complete 
|  59|0x0000000083b00000, 0x0000000083b00000, 0x0000000083c00000|  0%| F|  |TAMS 0x0000000083b00000, 0x0000000083b00000| Untracked 
|  60|0x0000000083c00000, 0x0000000083c00000, 0x0000000083d00000|  0%| F|  |TAMS 0x0000000083c00000, 0x0000000083c00000| Untracked 
|  61|0x0000000083d00000, 0x0000000083d00000, 0x0000000083e00000|  0%| F|  |TAMS 0x0000000083d00000, 0x0000000083d00000| Untracked 
|  62|0x0000000083e00000, 0x0000000083e00000, 0x0000000083f00000|  0%| F|  |TAMS 0x0000000083e00000, 0x0000000083e00000| Untracked 
|  63|0x0000000083f00000, 0x0000000083f00000, 0x0000000084000000|  0%| F|  |TAMS 0x0000000083f00000, 0x0000000083f00000| Untracked 
|  64|0x0000000084000000, 0x0000000084000000, 0x0000000084100000|  0%| F|  |TAMS 0x0000000084000000, 0x0000000084000000| Untracked 
|  65|0x0000000084100000, 0x0000000084100000, 0x0000000084200000|  0%| F|  |TAMS 0x0000000084100000, 0x0000000084100000| Untracked 
|  66|0x0000000084200000, 0x0000000084200000, 0x0000000084300000|  0%| F|  |TAMS 0x0000000084200000, 0x0000000084200000| Untracked 
|  67|0x0000000084300000, 0x0000000084300000, 0x0000000084400000|  0%| F|  |TAMS 0x0000000084300000, 0x0000000084300000| Untracked 
|  68|0x0000000084400000, 0x0000000084400000, 0x0000000084500000|  0%| F|  |TAMS 0x0000000084400000, 0x0000000084400000| Untracked 
|  69|0x0000000084500000, 0x0000000084500000, 0x0000000084600000|  0%| F|  |TAMS 0x0000000084500000, 0x0000000084500000| Untracked 
|  70|0x0000000084600000, 0x0000000084600000, 0x0000000084700000|  0%| F|  |TAMS 0x0000000084600000, 0x0000000084600000| Untracked 
|  71|0x0000000084700000, 0x0000000084700000, 0x0000000084800000|  0%| F|  |TAMS 0x0000000084700000, 0x0000000084700000| Untracked 
|  72|0x0000000084800000, 0x0000000084800000, 0x0000000084900000|  0%| F|  |TAMS 0x0000000084800000, 0x0000000084800000| Untracked 
|  73|0x0000000084900000, 0x0000000084900000, 0x0000000084a00000|  0%| F|  |TAMS 0x0000000084900000, 0x0000000084900000| Untracked 
|  74|0x0000000084a00000, 0x0000000084a00000, 0x0000000084b00000|  0%| F|  |TAMS 0x0000000084a00000, 0x0000000084a00000| Untracked 
|  75|0x0000000084b00000, 0x0000000084b00000, 0x0000000084c00000|  0%| F|  |TAMS 0x0000000084b00000, 0x0000000084b00000| Untracked 
|  76|0x0000000084c00000, 0x0000000084c00000, 0x0000000084d00000|  0%| F|  |TAMS 0x0000000084c00000, 0x0000000084c00000| Untracked 
|  77|0x0000000084d00000, 0x0000000084d00000, 0x0000000084e00000|  0%| F|  |TAMS 0x0000000084d00000, 0x0000000084d00000| Untracked 
|  78|0x0000000084e00000, 0x0000000084e00000, 0x0000000084f00000|  0%| F|  |TAMS 0x0000000084e00000, 0x0000000084e00000| Untracked 
|  79|0x0000000084f00000, 0x0000000084f00000, 0x0000000085000000|  0%| F|  |TAMS 0x0000000084f00000, 0x0000000084f00000| Untracked 
|  80|0x0000000085000000, 0x0000000085000000, 0x0000000085100000|  0%| F|  |TAMS 0x0000000085000000, 0x0000000085000000| Untracked 
|  81|0x0000000085100000, 0x0000000085100000, 0x0000000085200000|  0%| F|  |TAMS 0x0000000085100000, 0x0000000085100000| Untracked 
|  82|0x0000000085200000, 0x0000000085200000, 0x0000000085300000|  0%| F|  |TAMS 0x0000000085200000, 0x0000000085200000| Untracked 
|  83|0x0000000085300000, 0x0000000085300000, 0x0000000085400000|  0%| F|  |TAMS 0x0000000085300000, 0x0000000085300000| Untracked 
|  84|0x0000000085400000, 0x0000000085400000, 0x0000000085500000|  0%| F|  |TAMS 0x0000000085400000, 0x0000000085400000| Untracked 
|  85|0x0000000085500000, 0x0000000085500000, 0x0000000085600000|  0%| F|  |TAMS 0x0000000085500000, 0x0000000085500000| Untracked 
| 103|0x0000000086700000, 0x0000000086700000, 0x0000000086800000|  0%| F|  |TAMS 0x0000000086700000, 0x0000000086700000| Untracked 
| 104|0x0000000086800000, 0x0000000086900000, 0x0000000086900000|100%| E|  |TAMS 0x0000000086800000, 0x0000000086800000| Complete 
| 123|0x0000000087b00000, 0x0000000087c00000, 0x0000000087c00000|100%| E|CS|TAMS 0x0000000087b00000, 0x0000000087b00000| Complete 

Card table byte_map: [0x00000202f3650000,0x00000202f3a50000] _byte_map_base: 0x00000202f3250000

Marking Bits (Prev, Next): (CMBitMap*) 0x00000202dbd23340, (CMBitMap*) 0x00000202dbd23380
 Prev Bits: [0x00000202f3e50000, 0x00000202f5e50000)
 Next Bits: [0x00000202f5e50000, 0x00000202f7e50000)

Polling page: 0x00000202d9cb0000

Metaspace:

Usage:
  Non-class:     36.59 MB capacity,    36.02 MB ( 98%) used,   523.86 KB (  1%) free+waste,    61.88 KB ( <1%) overhead. 
      Class:      5.69 MB capacity,     5.44 MB ( 96%) used,   227.88 KB (  4%) free+waste,    25.62 KB ( <1%) overhead. 
       Both:     42.28 MB capacity,    41.46 MB ( 98%) used,   751.73 KB (  2%) free+waste,    87.50 KB ( <1%) overhead. 

Virtual space:
  Non-class space:       38.00 MB reserved,      36.67 MB ( 97%) committed 
      Class space:        1.00 GB reserved,       5.75 MB ( <1%) committed 
             Both:        1.04 GB reserved,      42.42 MB (  4%) committed 

Chunk freelists:
   Non-Class:  21.00 KB
       Class:  1.00 KB
        Both:  22.00 KB

MaxMetaspaceSize: 17179869184.00 GB
CompressedClassSpaceSize: 1.00 GB

CodeHeap 'non-profiled nmethods': size=120000Kb used=2190Kb max_used=2190Kb free=117809Kb
 bounds [0x00000202eb9f0000, 0x00000202ebc60000, 0x00000202f2f20000]
CodeHeap 'profiled nmethods': size=120000Kb used=9102Kb max_used=9102Kb free=110897Kb
 bounds [0x00000202e44c0000, 0x00000202e4db0000, 0x00000202eb9f0000]
CodeHeap 'non-nmethods': size=5760Kb used=2331Kb max_used=2367Kb free=3428Kb
 bounds [0x00000202e3f20000, 0x00000202e4190000, 0x00000202e44c0000]
 total_blobs=5443 nmethods=4646 adapters=709
 compilation: enabled
              stopped_count=0, restarted_count=0
 full_count=0

Compilation events (20 events):
Event: 4.516 Thread 0x00000202fa890e40 4621       1       com.android.build.gradle.options.Stage::getStatus (5 bytes)
Event: 4.516 Thread 0x00000202fa890e40 nmethod 4621 0x00000202ebc12d90 code [0x00000202ebc12f20, 0x00000202ebc12fd8]
Event: 4.554 Thread 0x00000202fa890e40 4622       3       java.util.ArrayList::set (24 bytes)
Event: 4.555 Thread 0x00000202fa890e40 nmethod 4622 0x00000202e4d7a390 code [0x00000202e4d7a560, 0x00000202e4d7aa28]
Event: 4.558 Thread 0x00000202fa890e40 4623       3       com.google.common.collect.MapMakerInternalMap$StrongKeyWeakValueEntry::getValue (10 bytes)
Event: 4.559 Thread 0x00000202fa890e40 nmethod 4623 0x00000202e4d7ac10 code [0x00000202e4d7adc0, 0x00000202e4d7af88]
Event: 4.564 Thread 0x00000202fa890e40 4624       3       com.google.common.reflect.TypeResolver::resolveType (74 bytes)
Event: 4.564 Thread 0x00000202fa890e40 nmethod 4624 0x00000202e4d7b090 code [0x00000202e4d7b300, 0x00000202e4d7c158]
Event: 4.579 Thread 0x00000202fa890e40 4625       3       java.lang.invoke.AbstractValidatingLambdaMetafactory::<init> (529 bytes)
Event: 4.582 Thread 0x00000202fa890e40 nmethod 4625 0x00000202e4d7c410 code [0x00000202e4d7cd60, 0x00000202e4d82868]
Event: 4.582 Thread 0x00000202fa890e40 4630       3       java.lang.invoke.DirectMethodHandle::shouldBeInitialized (127 bytes)
Event: 4.583 Thread 0x00000202fa890e40 nmethod 4630 0x00000202e4d84490 code [0x00000202e4d84820, 0x00000202e4d85cf8]
Event: 4.583 Thread 0x00000202fa890e40 4626   !   3       java.lang.invoke.MethodHandles$Lookup::revealDirect (193 bytes)
Event: 4.584 Thread 0x00000202fa890e40 nmethod 4626 0x00000202e4d86310 code [0x00000202e4d86660, 0x00000202e4d87aa8]
Event: 4.584 Thread 0x00000202fa890e40 4627       3       java.lang.invoke.InfoFromMemberName::<init> (72 bytes)
Event: 4.584 Thread 0x00000202fa890e40 nmethod 4627 0x00000202e4d88190 code [0x00000202e4d88340, 0x00000202e4d88518]
Event: 4.584 Thread 0x00000202fa890e40 4628       3       java.lang.invoke.InnerClassLambdaMetafactory::lambdaClassName (57 bytes)
Event: 4.584 Thread 0x00000202fa890e40 nmethod 4628 0x00000202e4d88610 code [0x00000202e4d888a0, 0x00000202e4d890a8]
Event: 4.584 Thread 0x00000202fa890e40 4629       3       java.lang.invoke.AbstractValidatingLambdaMetafactory::isAdaptableToAsReturn (36 bytes)
Event: 4.584 Thread 0x00000202fa890e40 nmethod 4629 0x00000202e4d89410 code [0x00000202e4d895e0, 0x00000202e4d89a88]

GC Heap History (14 events):
Event: 0.652 GC heap before
{Heap before GC invocations=0 (full 0):
 garbage-first heap   total 126976K, used 28672K [0x0000000080000000, 0x0000000100000000)
  region size 1024K, 23 young (23552K), 0 survivors (0K)
 Metaspace       used 3843K, capacity 6533K, committed 6656K, reserved 1056768K
  class space    used 473K, capacity 727K, committed 768K, reserved 1048576K
}
Event: 0.657 GC heap after
{Heap after GC invocations=1 (full 0):
 garbage-first heap   total 126976K, used 8366K [0x0000000080000000, 0x0000000100000000)
  region size 1024K, 3 young (3072K), 3 survivors (3072K)
 Metaspace       used 3843K, capacity 6533K, committed 6656K, reserved 1056768K
  class space    used 473K, capacity 727K, committed 768K, reserved 1048576K
}
Event: 0.815 GC heap before
{Heap before GC invocations=1 (full 0):
 garbage-first heap   total 126976K, used 37038K [0x0000000080000000, 0x0000000100000000)
  region size 1024K, 32 young (32768K), 3 survivors (3072K)
 Metaspace       used 4025K, capacity 6533K, committed 6656K, reserved 1056768K
  class space    used 478K, capacity 727K, committed 768K, reserved 1048576K
}
Event: 0.819 GC heap after
{Heap after GC invocations=2 (full 0):
 garbage-first heap   total 126976K, used 13080K [0x0000000080000000, 0x0000000100000000)
  region size 1024K, 4 young (4096K), 4 survivors (4096K)
 Metaspace       used 4025K, capacity 6533K, committed 6656K, reserved 1056768K
  class space    used 478K, capacity 727K, committed 768K, reserved 1048576K
}
Event: 2.104 GC heap before
{Heap before GC invocations=2 (full 0):
 garbage-first heap   total 126976K, used 84760K [0x0000000080000000, 0x0000000100000000)
  region size 1024K, 74 young (75776K), 4 survivors (4096K)
 Metaspace       used 18128K, capacity 18554K, committed 18688K, reserved 1064960K
  class space    used 2589K, capacity 2712K, committed 2816K, reserved 1048576K
}
Event: 2.111 GC heap after
{Heap after GC invocations=3 (full 0):
 garbage-first heap   total 126976K, used 18561K [0x0000000080000000, 0x0000000100000000)
  region size 1024K, 10 young (10240K), 10 survivors (10240K)
 Metaspace       used 18128K, capacity 18554K, committed 18688K, reserved 1064960K
  class space    used 2589K, capacity 2712K, committed 2816K, reserved 1048576K
}
Event: 2.344 GC heap before
{Heap before GC invocations=3 (full 0):
 garbage-first heap   total 126976K, used 36993K [0x0000000080000000, 0x0000000100000000)
  region size 1024K, 29 young (29696K), 10 survivors (10240K)
 Metaspace       used 20778K, capacity 21217K, committed 21296K, reserved 1067008K
  class space    used 3001K, capacity 3171K, committed 3200K, reserved 1048576K
}
Event: 2.349 GC heap after
{Heap after GC invocations=4 (full 0):
 garbage-first heap   total 126976K, used 19961K [0x0000000080000000, 0x0000000100000000)
  region size 1024K, 2 young (2048K), 2 survivors (2048K)
 Metaspace       used 20778K, capacity 21217K, committed 21296K, reserved 1067008K
  class space    used 3001K, capacity 3171K, committed 3200K, reserved 1048576K
}
Event: 3.022 GC heap before
{Heap before GC invocations=5 (full 0):
 garbage-first heap   total 75776K, used 65017K [0x0000000080000000, 0x0000000100000000)
  region size 1024K, 44 young (45056K), 2 survivors (2048K)
 Metaspace       used 30132K, capacity 30683K, committed 30896K, reserved 1075200K
  class space    used 4069K, capacity 4248K, committed 4352K, reserved 1048576K
}
Event: 3.026 GC heap after
{Heap after GC invocations=6 (full 0):
 garbage-first heap   total 91136K, used 23598K [0x0000000080000000, 0x0000000100000000)
  region size 1024K, 5 young (5120K), 5 survivors (5120K)
 Metaspace       used 30132K, capacity 30683K, committed 30896K, reserved 1075200K
  class space    used 4069K, capacity 4248K, committed 4352K, reserved 1048576K
}
Event: 3.518 GC heap before
{Heap before GC invocations=6 (full 0):
 garbage-first heap   total 91136K, used 64558K [0x0000000080000000, 0x0000000100000000)
  region size 1024K, 46 young (47104K), 5 survivors (5120K)
 Metaspace       used 35163K, capacity 35745K, committed 35888K, reserved 1081344K
  class space    used 4697K, capacity 4906K, committed 4992K, reserved 1048576K
}
Event: 3.523 GC heap after
{Heap after GC invocations=7 (full 0):
 garbage-first heap   total 91136K, used 26741K [0x0000000080000000, 0x0000000100000000)
  region size 1024K, 4 young (4096K), 4 survivors (4096K)
 Metaspace       used 35163K, capacity 35745K, committed 35888K, reserved 1081344K
  class space    used 4697K, capacity 4906K, committed 4992K, reserved 1048576K
}
Event: 4.220 GC heap before
{Heap before GC invocations=8 (full 0):
 garbage-first heap   total 91136K, used 70773K [0x0000000080000000, 0x0000000100000000)
  region size 1024K, 45 young (46080K), 4 survivors (4096K)
 Metaspace       used 36735K, capacity 37467K, committed 37552K, reserved 1081344K
  class space    used 4885K, capacity 5097K, committed 5120K, reserved 1048576K
}
Event: 4.225 GC heap after
{Heap after GC invocations=9 (full 0):
 garbage-first heap   total 91136K, used 36979K [0x0000000080000000, 0x0000000100000000)
  region size 1024K, 6 young (6144K), 6 survivors (6144K)
 Metaspace       used 36735K, capacity 37467K, committed 37552K, reserved 1081344K
  class space    used 4885K, capacity 5097K, committed 5120K, reserved 1048576K
}

Deoptimization events (20 events):
Event: 4.348 Thread 0x00000202fcdd9e30 DEOPT PACKING pc=0x00000202ebac8154 sp=0x0000004378bf6510
Event: 4.348 Thread 0x00000202fcdd9e30 DEOPT UNPACKING pc=0x00000202e3f2852f sp=0x0000004378bf64a0 mode 2
Event: 4.364 Thread 0x00000202fcdd9e30 Uncommon trap: trap_request=0xffffff3d fr.pc=0x00000202ebb6b7dc relative=0x0000000000000d3c
Event: 4.364 Thread 0x00000202fcdd9e30 Uncommon trap: reason=unstable_fused_if action=reinterpret pc=0x00000202ebb6b7dc method=org.objectweb.asm.ByteVector.putUTF8(Ljava/lang/String;)Lorg/objectweb/asm/ByteVector; @ 93 c2
Event: 4.364 Thread 0x00000202fcdd9e30 DEOPT PACKING pc=0x00000202ebb6b7dc sp=0x0000004378bf82c0
Event: 4.364 Thread 0x00000202fcdd9e30 DEOPT UNPACKING pc=0x00000202e3f2852f sp=0x0000004378bf8218 mode 2
Event: 4.389 Thread 0x00000202fcdd9e30 Uncommon trap: trap_request=0xffffff3d fr.pc=0x00000202ebb0ec4c relative=0x000000000000020c
Event: 4.389 Thread 0x00000202fcdd9e30 Uncommon trap: reason=unstable_fused_if action=reinterpret pc=0x00000202ebb0ec4c method=org.objectweb.asm.ByteVector.putUTF8(Ljava/lang/String;)Lorg/objectweb/asm/ByteVector; @ 93 c2
Event: 4.389 Thread 0x00000202fcdd9e30 DEOPT PACKING pc=0x00000202ebb0ec4c sp=0x0000004378bf8240
Event: 4.389 Thread 0x00000202fcdd9e30 DEOPT UNPACKING pc=0x00000202e3f2852f sp=0x0000004378bf81c0 mode 2
Event: 4.568 Thread 0x00000202fcdd9e30 Uncommon trap: trap_request=0xffffffde fr.pc=0x00000202ebb30bbc relative=0x000000000000083c
Event: 4.568 Thread 0x00000202fcdd9e30 Uncommon trap: reason=class_check action=maybe_recompile pc=0x00000202ebb30bbc method=java.io.BufferedInputStream.read1([BII)I @ 39 c2
Event: 4.568 Thread 0x00000202fcdd9e30 DEOPT PACKING pc=0x00000202ebb30bbc sp=0x0000004378bf87d0
Event: 4.568 Thread 0x00000202fcdd9e30 DEOPT UNPACKING pc=0x00000202e3f2852f sp=0x0000004378bf86e8 mode 2
Event: 4.568 Thread 0x00000202fcdd9e30 Uncommon trap: trap_request=0xffffffde fr.pc=0x00000202ebb31864 relative=0x00000000000001a4
Event: 4.568 Thread 0x00000202fcdd9e30 Uncommon trap: reason=class_check action=maybe_recompile pc=0x00000202ebb31864 method=java.io.BufferedInputStream.read1([BII)I @ 39 c2
Event: 4.568 Thread 0x00000202fcdd9e30 DEOPT PACKING pc=0x00000202ebb31864 sp=0x0000004378bf8730
Event: 4.568 Thread 0x00000202fcdd9e30 DEOPT UNPACKING pc=0x00000202e3f2852f sp=0x0000004378bf86d8 mode 2
Event: 4.583 Thread 0x00000202fcdd9e30 DEOPT PACKING pc=0x00000202e4d3dac2 sp=0x0000004378bf6030
Event: 4.583 Thread 0x00000202fcdd9e30 DEOPT UNPACKING pc=0x00000202e3f6f6cf sp=0x0000004378bf54c0 mode 0

Classes unloaded (0 events):
No events

Classes redefined (0 events):
No events

Internal exceptions (20 events):
Event: 4.187 Thread 0x00000202fcdd9e30 Exception <a 'java/lang/ClassNotFoundException'{0x0000000083106018}: org/gradle/api/tasks/Delete_DecoratedCustomizer> (0x0000000083106018) 
thrown [./open/src/hotspot/share/classfile/systemDictionary.cpp, line 295]
Event: 4.193 Thread 0x00000202fcdd9e30 Exception <a 'java/lang/NoSuchMethodError'{0x0000000083185718}: 'long java.lang.invoke.DirectMethodHandle$Holder.invokeVirtual(java.lang.Object, java.lang.Object)'> (0x0000000083185718) 
thrown [./open/src/hotspot/share/interpreter/linkResolver.cpp, line 782]
Event: 4.199 Thread 0x00000202fcdc07d0 Exception <a 'java/lang/NoSuchMethodError'{0x0000000087b87b50}: static Lorg/gradle/internal/build/event/types/DefaultOperationFinishedProgressEvent;.<clinit>()V> (0x0000000087b87b50) 
thrown [./open/src/hotspot/share/prims/jni.cpp, line 1204]
Event: 4.200 Thread 0x00000202fcdc07d0 Exception <a 'java/lang/NoSuchMethodError'{0x00000000830158e0}: static Lorg/gradle/internal/build/event/types/DefaultProjectConfigurationSuccessResult;.<clinit>()V> (0x00000000830158e0) 
thrown [./open/src/hotspot/share/prims/jni.cpp, line 1204]
Event: 4.200 Thread 0x00000202fcdc07d0 Exception <a 'java/lang/NoSuchMethodError'{0x0000000083016a50}: static Lorg/gradle/internal/build/event/types/AbstractProjectConfigurationResult;.<clinit>()V> (0x0000000083016a50) 
thrown [./open/src/hotspot/share/prims/jni.cpp, line 1204]
Event: 4.200 Thread 0x00000202fcdc07d0 Exception <a 'java/lang/NoSuchMethodError'{0x0000000083017db8}: static Lorg/gradle/internal/build/event/types/AbstractOperationResult;.<clinit>()V> (0x0000000083017db8) 
thrown [./open/src/hotspot/share/prims/jni.cpp, line 1204]
Event: 4.200 Thread 0x00000202fcdc07d0 Exception <a 'java/lang/NoSuchMethodError'{0x0000000083018e30}: static Lorg/gradle/internal/build/event/types/AbstractResult;.<clinit>()V> (0x0000000083018e30) 
thrown [./open/src/hotspot/share/prims/jni.cpp, line 1204]
Event: 4.201 Thread 0x00000202fcdc07d0 Exception <a 'java/lang/NoSuchMethodError'{0x00000000830227c0}: static Lorg/gradle/internal/build/event/types/DefaultPluginApplicationResult;.<clinit>()V> (0x00000000830227c0) 
thrown [./open/src/hotspot/share/prims/jni.cpp, line 1204]
Event: 4.201 Thread 0x00000202fcdc07d0 Exception <a 'java/lang/NoSuchMethodError'{0x000000008302c568}: static Lorg/gradle/internal/build/event/types/DefaultBinaryPluginIdentifier;.<clinit>()V> (0x000000008302c568) 
thrown [./open/src/hotspot/share/prims/jni.cpp, line 1204]
Event: 4.202 Thread 0x00000202fcdc07d0 Exception <a 'java/lang/NoSuchMethodError'{0x000000008303f918}: static Lorg/gradle/internal/build/event/types/DefaultScriptPluginIdentifier;.<clinit>()V> (0x000000008303f918) 
thrown [./open/src/hotspot/share/prims/jni.cpp, line 1204]
Event: 4.215 Thread 0x00000202fcdd9e30 Exception <a 'java/lang/ClassNotFoundException'{0x000000008309b1e0}: build_b8d98dz8uhd9oofqve5ykicfkBeanInfo> (0x000000008309b1e0) 
thrown [./open/src/hotspot/share/classfile/systemDictionary.cpp, line 295]
Event: 4.215 Thread 0x00000202fcdd9e30 Exception <a 'java/lang/ClassNotFoundException'{0x00000000830a06d0}: build_b8d98dz8uhd9oofqve5ykicfkCustomizer> (0x00000000830a06d0) 
thrown [./open/src/hotspot/share/classfile/systemDictionary.cpp, line 295]
Event: 4.219 Thread 0x00000202fcdd9e30 Exception <a 'java/lang/ClassNotFoundException'{0x00000000830e94f0}: org/gradle/plugin/use/internal/PluginRequestCollector$PluginDependenciesSpecImplBeanInfo> (0x00000000830e94f0) 
thrown [./open/src/hotspot/share/classfile/systemDictionary.cpp, line 295]
Event: 4.219 Thread 0x00000202fcdd9e30 Exception <a 'java/lang/ClassNotFoundException'{0x00000000830f6ed0}: org/gradle/plugin/use/internal/PluginRequestCollector$PluginDependenciesSpecImplCustomizer> (0x00000000830f6ed0) 
thrown [./open/src/hotspot/share/classfile/systemDictionary.cpp, line 295]
Event: 4.234 Thread 0x00000202fcdd9e30 Exception <a 'java/lang/NoSuchMethodError'{0x0000000087b39810}: 'void java.lang.invoke.DirectMethodHandle$Holder.invokeInterface(java.lang.Object, java.lang.Object)'> (0x0000000087b39810) 
thrown [./open/src/hotspot/share/interpreter/linkResolver.cpp, line 782]
Event: 4.254 Thread 0x00000202fcdd9e30 Exception <a 'java/lang/ClassNotFoundException'{0x0000000086878db0}: org/gradle/api/internal/plugins/DefaultObjectConfigurationActionBeanInfo> (0x0000000086878db0) 
thrown [./open/src/hotspot/share/classfile/systemDictionary.cpp, line 295]
Event: 4.254 Thread 0x00000202fcdd9e30 Exception <a 'java/lang/ClassNotFoundException'{0x0000000086888928}: org/gradle/api/internal/plugins/DefaultObjectConfigurationActionCustomizer> (0x0000000086888928) 
thrown [./open/src/hotspot/share/classfile/systemDictionary.cpp, line 295]
Event: 4.365 Thread 0x00000202fcdd9e30 Exception <a 'java/lang/NoSuchMethodError'{0x0000000084f580c0}: 'java.lang.Object java.lang.invoke.DirectMethodHandle$Holder.newInvokeSpecial(java.lang.Object, java.lang.Object, java.lang.Object, java.lang.Object, int)'> (0x0000000084f580c0) 
thrown [./open/src/hotspot/share/interpreter/linkResolver.cpp, line 782]
Event: 4.366 Thread 0x00000202fcdd9e30 Exception <a 'java/lang/NoSuchMethodError'{0x0000000084f5d4f0}: 'java.lang.Object java.lang.invoke.DirectMethodHandle$Holder.invokeSpecial(java.lang.Object, java.lang.Object, java.lang.Object, java.lang.Object, java.lang.Object, int)'> (0x0000000084f5d4f0) 
thrown [./open/src/hotspot/share/interpreter/linkResolver.cpp, line 782]
Event: 4.366 Thread 0x00000202fcdd9e30 Exception <a 'java/lang/NoSuchMethodError'{0x0000000084f623c8}: 'java.lang.Object java.lang.invoke.Invokers$Holder.linkToTargetMethod(java.lang.Object, java.lang.Object, java.lang.Object, int, java.lang.Object)'> (0x0000000084f623c8) 
thrown [./open/src/hotspot/share/interpreter/linkResolver.cpp, line 782]

Events (20 events):
Event: 4.581 loading class javax/xml/parsers/FactoryFinder$1
Event: 4.581 loading class javax/xml/parsers/FactoryFinder$1 done
Event: 4.584 loading class org/xml/sax/SAXNotRecognizedException
Event: 4.584 loading class org/xml/sax/SAXNotRecognizedException done
Event: 4.584 loading class org/xml/sax/SAXNotSupportedException
Event: 4.584 loading class org/xml/sax/SAXNotSupportedException done
Event: 4.584 loading class javax/xml/parsers/DocumentBuilder
Event: 4.584 loading class javax/xml/parsers/DocumentBuilder done
Event: 4.586 loading class org/xml/sax/ErrorHandler
Event: 4.586 loading class org/xml/sax/ErrorHandler done
Event: 4.595 loading class org/w3c/dom/DOMError
Event: 4.595 loading class org/w3c/dom/DOMError done
Event: 4.598 loading class org/xml/sax/EntityResolver
Event: 4.598 loading class org/xml/sax/EntityResolver done
Event: 4.614 loading class java/util/Stack
Event: 4.614 loading class java/util/Stack done
Event: 4.617 Executing VM operation: HandshakeAllThreads
Event: 4.617 Executing VM operation: HandshakeAllThreads done
Event: 4.623 loading class java/io/CharConversionException
Event: 4.624 loading class java/io/CharConversionException done


Dynamic libraries:
0x00007ff650150000 - 0x00007ff65015f000 	C:\Program Files\Java\jdk-15.0.1\bin\java.exe
0x00007ffb5c3b0000 - 0x00007ffb5c5a5000 	C:\WINDOWS\SYSTEM32\ntdll.dll
0x00007ffb5c0d0000 - 0x00007ffb5c18d000 	C:\WINDOWS\System32\KERNEL32.DLL
0x00007ffb59e30000 - 0x00007ffb5a0f8000 	C:\WINDOWS\System32\KERNELBASE.dll
0x00007ffb59d30000 - 0x00007ffb59e30000 	C:\WINDOWS\System32\ucrtbase.dll
0x00007ffb29c70000 - 0x00007ffb29c88000 	C:\Program Files\Java\jdk-15.0.1\bin\jli.dll
0x00007ffb5a410000 - 0x00007ffb5a4bc000 	C:\WINDOWS\System32\ADVAPI32.dll
0x00007ffb5bbb0000 - 0x00007ffb5bc4e000 	C:\WINDOWS\System32\msvcrt.dll
0x00007ffb5ae10000 - 0x00007ffb5aeab000 	C:\WINDOWS\System32\sechost.dll
0x00007ffb5bc50000 - 0x00007ffb5bd7b000 	C:\WINDOWS\System32\RPCRT4.dll
0x00007ffb5bf20000 - 0x00007ffb5c0c0000 	C:\WINDOWS\System32\USER32.dll
0x00007ffb5a100000 - 0x00007ffb5a122000 	C:\WINDOWS\System32\win32u.dll
0x00007ffb5abd0000 - 0x00007ffb5abfa000 	C:\WINDOWS\System32\GDI32.dll
0x00007ffb5a300000 - 0x00007ffb5a40b000 	C:\WINDOWS\System32\gdi32full.dll
0x00007ffb5a260000 - 0x00007ffb5a2fd000 	C:\WINDOWS\System32\msvcp_win.dll
0x00007ffb2ab30000 - 0x00007ffb2ab49000 	C:\Program Files\Java\jdk-15.0.1\bin\VCRUNTIME140.dll
0x00007ffb4e0b0000 - 0x00007ffb4e34a000 	C:\WINDOWS\WinSxS\amd64_microsoft.windows.common-controls_6595b64144ccf1df_6.0.19041.844_none_ca00b6081b84eb1d\COMCTL32.dll
0x00007ffb528c0000 - 0x00007ffb528ca000 	C:\WINDOWS\SYSTEM32\VERSION.dll
0x00007ffb5b340000 - 0x00007ffb5b370000 	C:\WINDOWS\System32\IMM32.DLL
0x00007ffb38ff0000 - 0x00007ffb38ffc000 	C:\Program Files\Java\jdk-15.0.1\bin\vcruntime140_1.dll
0x00007ffb18e60000 - 0x00007ffb18ef1000 	C:\Program Files\Java\jdk-15.0.1\bin\msvcp140.dll
0x00007ffae74c0000 - 0x00007ffae801e000 	C:\Program Files\Java\jdk-15.0.1\bin\server\jvm.dll
0x00007ffb5c360000 - 0x00007ffb5c368000 	C:\WINDOWS\System32\PSAPI.DLL
0x00007ffb53300000 - 0x00007ffb53309000 	C:\WINDOWS\SYSTEM32\WSOCK32.dll
0x00007ffb4ba50000 - 0x00007ffb4ba77000 	C:\WINDOWS\SYSTEM32\WINMM.dll
0x00007ffb5beb0000 - 0x00007ffb5bf1b000 	C:\WINDOWS\System32\WS2_32.dll
0x00007ffb583c0000 - 0x00007ffb583d2000 	C:\WINDOWS\SYSTEM32\kernel.appcore.dll
0x00007ffb364d0000 - 0x00007ffb364da000 	C:\Program Files\Java\jdk-15.0.1\bin\jimage.dll
0x00007ffb57fc0000 - 0x00007ffb581a4000 	C:\WINDOWS\SYSTEM32\DBGHELP.DLL
0x00007ffb4db60000 - 0x00007ffb4db8c000 	C:\WINDOWS\SYSTEM32\dbgcore.DLL
0x00007ffb5a130000 - 0x00007ffb5a1b0000 	C:\WINDOWS\System32\bcryptPrimitives.dll
0x00007ffb1feb0000 - 0x00007ffb1fed5000 	C:\Program Files\Java\jdk-15.0.1\bin\java.dll
0x00007ffb5b370000 - 0x00007ffb5bab2000 	C:\WINDOWS\System32\SHELL32.dll
0x00007ffb57770000 - 0x00007ffb57f00000 	C:\WINDOWS\SYSTEM32\windows.storage.dll
0x00007ffb5afe0000 - 0x00007ffb5b335000 	C:\WINDOWS\System32\combase.dll
0x00007ffb59560000 - 0x00007ffb5958c000 	C:\WINDOWS\SYSTEM32\Wldp.dll
0x00007ffb5c2b0000 - 0x00007ffb5c35e000 	C:\WINDOWS\System32\SHCORE.dll
0x00007ffb5aeb0000 - 0x00007ffb5af05000 	C:\WINDOWS\System32\shlwapi.dll
0x00007ffb59a30000 - 0x00007ffb59a4f000 	C:\WINDOWS\SYSTEM32\profapi.dll
0x00007ffb26290000 - 0x00007ffb262a9000 	C:\Program Files\Java\jdk-15.0.1\bin\net.dll
0x00007ffb55140000 - 0x00007ffb5524b000 	C:\WINDOWS\SYSTEM32\WINHTTP.dll
0x00007ffb592d0000 - 0x00007ffb5933a000 	C:\WINDOWS\system32\mswsock.dll
0x00007ffb25900000 - 0x00007ffb25912000 	C:\Program Files\Java\jdk-15.0.1\bin\nio.dll
0x00007ffb20b00000 - 0x00007ffb20b18000 	C:\Program Files\Java\jdk-15.0.1\bin\zip.dll
0x00007ffb35f90000 - 0x00007ffb35fa0000 	C:\Program Files\Java\jdk-15.0.1\bin\verify.dll
0x00007ffb35fd0000 - 0x00007ffb35ff6000 	C:\Users\84327\.gradle\native\fdc75f09e3144964f2cf3f50f0aa648679c211496f362492102eb8c894070792\windows-amd64\native-platform.dll
0x00007ffb18ab0000 - 0x00007ffb18c41000 	C:\Users\84327\.gradle\native\12488b8bf47d2d4c9fbf2f6322a914ad602e24e48041cd04a747c6da556b65c4\windows-amd64\native-platform-file-events.dll
0x00007ffb52ba0000 - 0x00007ffb52ba9000 	C:\Program Files\Java\jdk-15.0.1\bin\management.dll
0x00007ffb52b90000 - 0x00007ffb52b9b000 	C:\Program Files\Java\jdk-15.0.1\bin\management_ext.dll
0x00007ffb594b0000 - 0x00007ffb594c8000 	C:\WINDOWS\SYSTEM32\CRYPTSP.dll
0x00007ffb58c00000 - 0x00007ffb58c34000 	C:\WINDOWS\system32\rsaenh.dll
0x00007ffb59b40000 - 0x00007ffb59b67000 	C:\WINDOWS\System32\bcrypt.dll
0x00007ffb599b0000 - 0x00007ffb599de000 	C:\WINDOWS\SYSTEM32\USERENV.dll
0x00007ffb594a0000 - 0x00007ffb594ac000 	C:\WINDOWS\SYSTEM32\CRYPTBASE.dll
0x00007ffb58f70000 - 0x00007ffb58fab000 	C:\WINDOWS\SYSTEM32\IPHLPAPI.DLL
0x00007ffb5c0c0000 - 0x00007ffb5c0c8000 	C:\WINDOWS\System32\NSI.dll
0x00007ffb54120000 - 0x00007ffb54137000 	C:\WINDOWS\SYSTEM32\dhcpcsvc6.DLL
0x00007ffb54100000 - 0x00007ffb5411d000 	C:\WINDOWS\SYSTEM32\dhcpcsvc.DLL
0x00007ffb58fb0000 - 0x00007ffb5907c000 	C:\WINDOWS\SYSTEM32\DNSAPI.dll
0x00007ffb55250000 - 0x00007ffb5525b000 	C:\WINDOWS\SYSTEM32\WINNSI.DLL

dbghelp: loaded successfully - version: 4.0.5 - missing functions: none
symbol engine: initialized successfully - sym options: 0x614 - pdb path: .;C:\Program Files\Java\jdk-15.0.1\bin;C:\WINDOWS\SYSTEM32;C:\WINDOWS\WinSxS\amd64_microsoft.windows.common-controls_6595b64144ccf1df_6.0.19041.844_none_ca00b6081b84eb1d;C:\Program Files\Java\jdk-15.0.1\bin\server;C:\Users\84327\.gradle\native\fdc75f09e3144964f2cf3f50f0aa648679c211496f362492102eb8c894070792\windows-amd64;C:\Users\84327\.gradle\native\12488b8bf47d2d4c9fbf2f6322a914ad602e24e48041cd04a747c6da556b65c4\windows-amd64

VM Arguments:
jvm_args: --add-opens=java.base/java.util=ALL-UNNAMED --add-opens=java.base/java.lang=ALL-UNNAMED --add-opens=java.base/java.lang.invoke=ALL-UNNAMED --add-opens=java.prefs/java.util.prefs=ALL-UNNAMED -Xmx2048m -Dfile.encoding=UTF-8 -Duser.country=US -Duser.language=en -Duser.variant 
java_command: org.gradle.launcher.daemon.bootstrap.GradleDaemon 6.7.1
java_class_path (initial): C:\Users\84327\.gradle\wrapper\dists\gradle-6.7.1-bin\bwlcbys1h7rz3272sye1xwiv6\gradle-6.7.1\lib\gradle-launcher-6.7.1.jar
Launcher Type: SUN_STANDARD

[Global flags]
     intx CICompilerCount                          = 4                                         {product} {ergonomic}
     uint ConcGCThreads                            = 2                                         {product} {ergonomic}
     uint G1ConcRefinementThreads                  = 8                                         {product} {ergonomic}
   size_t G1HeapRegionSize                         = 1048576                                   {product} {ergonomic}
    uintx GCDrainStackTargetSize                   = 64                                        {product} {ergonomic}
   size_t InitialHeapSize                          = 130023424                                 {product} {ergonomic}
   size_t MarkStackSize                            = 4194304                                   {product} {ergonomic}
   size_t MaxHeapSize                              = 2147483648                                {product} {command line}
   size_t MaxNewSize                               = 1287651328                                {product} {ergonomic}
   size_t MinHeapDeltaBytes                        = 1048576                                   {product} {ergonomic}
   size_t MinHeapSize                              = 8388608                                   {product} {ergonomic}
    uintx NonNMethodCodeHeapSize                   = 5839372                                {pd product} {ergonomic}
    uintx NonProfiledCodeHeapSize                  = 122909434                              {pd product} {ergonomic}
    uintx ProfiledCodeHeapSize                     = 122909434                              {pd product} {ergonomic}
    uintx ReservedCodeCacheSize                    = 251658240                              {pd product} {ergonomic}
     bool SegmentedCodeCache                       = true                                      {product} {ergonomic}
   size_t SoftMaxHeapSize                          = 2147483648                             {manageable} {ergonomic}
     bool UseCompressedClassPointers               = true                                 {lp64_product} {ergonomic}
     bool UseCompressedOops                        = true                                 {lp64_product} {ergonomic}
     bool UseG1GC                                  = true                                      {product} {ergonomic}
     bool UseLargePagesIndividualAllocation        = false                                  {pd product} {ergonomic}

Logging:
Log output configuration:
 #0: stdout all=warning uptime,level,tags
 #1: stderr all=off uptime,level,tags

Environment Variables:
JAVA_HOME=C:\Program Files\OpenJDK\openjdk-8u282-b08
PATH=C:\Python27\;C:\Python27\Scripts;C:\Program Files\Common Files\Oracle\Java\javapath;C:\WINDOWS\system32;C:\WINDOWS;C:\WINDOWS\System32\Wbem;C:\WINDOWS\System32\WindowsPowerShell\v1.0\;C:\WINDOWS\System32\OpenSSH\;C:\Program Files\Git\cmd;C:\ProgramData\chocolatey\bin;C:\Program Files\nodejs\;C:\Program Files\OpenJDK\openjdk-8u282-b08\bin;C:\Users\84327\AppData\Local\Android\Sdk\platform-tools;C:\Users\84327\AppData\Local\Programs\Python\Python39\Scripts\;C:\Users\84327\AppData\Local\Programs\Python\Python39\;C:\Users\84327\AppData\Local\Microsoft\WindowsApps;C:\Program Files\JetBrains\PyCharm Community Edition 2020.3.3\bin;;C:\Users\84327\AppData\Local\Programs\Microsoft VS Code\bin;C:\Users\84327\AppData\Roaming\npm;C:\Users\84327\AppData\Local\Android\Sdk\platform-tools;C:\Program Files (x86)\Nmap
USERNAME=84327
OS=Windows_NT
PROCESSOR_IDENTIFIER=Intel64 Family 6 Model 140 Stepping 1, GenuineIntel



---------------  S Y S T E M  ---------------

OS:
 Windows 10 , 64 bit Build 19041 (10.0.19041.928)
OS uptime: 0 days 4:15 hours

CPU: total 8 (initial active 8) (4 cores per cpu, 2 threads per core) family 6 model 140 stepping 1 microcode 0x60, cmov, cx8, fxsr, mmx, sse, sse2, sse3, ssse3, sse4.1, sse4.2, popcnt, vzeroupper, avx, avx2, aes, clmul, erms, 3dnowpref, lzcnt, ht, tsc, tscinvbit, bmi1, bmi2, adx, avx512f, avx512dq, avx512cd, avx512bw, avx512vl, avx512_vpopcntdq, avx512_vpclmulqdq, avx512_vbmi, avx512_vbmi2, avx512_vaes, avx512_vnni, sha, fma, clflush, clflushopt, clwb

Memory: 4k page, system-wide physical 7873M (235M free)
TotalPageFile size 32449M (AvailPageFile size 5M)
current process WorkingSet (physical memory assigned to process): 251M, peak: 251M
current process commit charge ("private bytes"): 298M, peak: 299M

vm_info: Java HotSpot(TM) 64-Bit Server VM (15.0.1+9-18) for windows-amd64 JRE (15.0.1+9-18), built on Sep 15 2020 14:43:54 by "mach5one" with unknown MS VC++:1925

END.
